h:\excel背单词\excel_recite\excel_recite\x64\release\ui.obj
h:\excel背单词\excel_recite\excel_recite\x64\release\texttospeech.obj
h:\excel背单词\excel_recite\excel_recite\x64\release\main.obj
h:\excel背单词\excel_recite\excel_recite\x64\release\logic.obj
h:\excel背单词\excel_recite\excel_recite\x64\release\resource.res
h:\excel背单词\excel_recite\x64\release\excel_recite.exe
h:\excel背单词\excel_recite\excel_recite\x64\release\excel_recite.ipdb
h:\excel背单词\excel_recite\excel_recite\x64\release\excel_recite.iobj
h:\excel背单词\excel_recite\x64\release\excel_recite.pdb
h:\excel背单词\excel_recite\excel_recite\x64\release\ui.nativecodeanalysis.xml
h:\excel背单词\excel_recite\excel_recite\x64\release\texttospeech.nativecodeanalysis.xml
h:\excel背单词\excel_recite\excel_recite\x64\release\main.nativecodeanalysis.xml
h:\excel背单词\excel_recite\excel_recite\x64\release\logic.nativecodeanalysis.xml
h:\excel背单词\excel_recite\excel_recite\x64\release\vc.nativecodeanalysis.all.xml
h:\excel背单词\excel_recite\excel_recite\x64\release\excel_recite.tlog\cl.read.1.tlog
h:\excel背单词\excel_recite\excel_recite\x64\release\excel_recite.tlog\cl.write.1.tlog
h:\excel背单词\excel_recite\excel_recite\x64\release\excel_recite.tlog\cl.command.1.tlog
h:\excel背单词\excel_recite\excel_recite\x64\release\excel_recite.tlog\rc.read.1.tlog
h:\excel背单词\excel_recite\excel_recite\x64\release\excel_recite.tlog\rc.write.1.tlog
h:\excel背单词\excel_recite\excel_recite\x64\release\excel_recite.tlog\rc.command.1.tlog
h:\excel背单词\excel_recite\excel_recite\x64\release\excel_recite.tlog\link.read.1.tlog
h:\excel背单词\excel_recite\excel_recite\x64\release\excel_recite.tlog\link.write.1.tlog
h:\excel背单词\excel_recite\excel_recite\x64\release\excel_recite.tlog\link.command.1.tlog
