  logic.cpp
F:\c++_sourceCode\project\CSVrecite\excel_recite\logic.cpp(71,31): warning C4267: “=”: 从“size_t”转换到“int”，可能丢失数据
F:\c++_sourceCode\project\CSVrecite\excel_recite\logic.cpp(72,20): warning C4244: “=”: 从“__int64”转换到“int”，可能丢失数据
F:\c++_sourceCode\project\CSVrecite\excel_recite\logic.cpp(199,15): warning C4244: “=”: 从“__int64”转换到“int”，可能丢失数据
F:\c++_sourceCode\project\CSVrecite\excel_recite\logic.cpp(218,33): warning C4244: “=”: 从“__int64”转换到“int”，可能丢失数据
F:\c++_sourceCode\project\CSVrecite\excel_recite\logic.cpp(383,33): warning C4244: “=”: 从“__int64”转换到“int”，可能丢失数据
  main.cpp
F:\c++_sourceCode\project\CSVrecite\excel_recite\ui.h(8,13): warning C4244: “初始化”: 从“int”转换到“float”，可能丢失数据
F:\c++_sourceCode\project\CSVrecite\excel_recite\ui.h(9,14): warning C4244: “初始化”: 从“int”转换到“float”，可能丢失数据
F:\c++_sourceCode\project\CSVrecite\excel_recite\ui.h(10,14): warning C4244: “初始化”: 从“double”转换到“float”，可能丢失数据
F:\c++_sourceCode\project\CSVrecite\excel_recite\ui.h(11,15): warning C4244: “初始化”: 从“double”转换到“float”，可能丢失数据
F:\c++_sourceCode\project\CSVrecite\excel_recite\ui.h(20,80): warning C4244: “参数”: 从“float”转换到“int”，可能丢失数据
F:\c++_sourceCode\project\CSVrecite\excel_recite\ui.h(20,67): warning C4244: “参数”: 从“float”转换到“int”，可能丢失数据
F:\c++_sourceCode\project\CSVrecite\excel_recite\ui.h(20,52): warning C4244: “参数”: 从“float”转换到“int”，可能丢失数据
F:\c++_sourceCode\project\CSVrecite\excel_recite\ui.h(20,39): warning C4244: “参数”: 从“float”转换到“int”，可能丢失数据
F:\c++_sourceCode\project\CSVrecite\excel_recite\ui.h(21,80): warning C4244: “参数”: 从“float”转换到“int”，可能丢失数据
F:\c++_sourceCode\project\CSVrecite\excel_recite\ui.h(21,67): warning C4244: “参数”: 从“float”转换到“int”，可能丢失数据
F:\c++_sourceCode\project\CSVrecite\excel_recite\ui.h(21,52): warning C4244: “参数”: 从“float”转换到“int”，可能丢失数据
F:\c++_sourceCode\project\CSVrecite\excel_recite\ui.h(21,39): warning C4244: “参数”: 从“float”转换到“int”，可能丢失数据
F:\c++_sourceCode\project\CSVrecite\excel_recite\ui.h(22,87): warning C4244: “参数”: 从“float”转换到“int”，可能丢失数据
F:\c++_sourceCode\project\CSVrecite\excel_recite\ui.h(22,74): warning C4244: “参数”: 从“float”转换到“int”，可能丢失数据
F:\c++_sourceCode\project\CSVrecite\excel_recite\ui.h(22,59): warning C4244: “参数”: 从“float”转换到“int”，可能丢失数据
F:\c++_sourceCode\project\CSVrecite\excel_recite\ui.h(22,45): warning C4244: “参数”: 从“float”转换到“int”，可能丢失数据
F:\c++_sourceCode\project\CSVrecite\excel_recite\ui.h(23,88): warning C4244: “参数”: 从“float”转换到“int”，可能丢失数据
F:\c++_sourceCode\project\CSVrecite\excel_recite\ui.h(23,75): warning C4244: “参数”: 从“float”转换到“int”，可能丢失数据
F:\c++_sourceCode\project\CSVrecite\excel_recite\ui.h(23,60): warning C4244: “参数”: 从“float”转换到“int”，可能丢失数据
F:\c++_sourceCode\project\CSVrecite\excel_recite\ui.h(23,46): warning C4244: “参数”: 从“float”转换到“int”，可能丢失数据
F:\c++_sourceCode\project\CSVrecite\excel_recite\ui.h(24,84): warning C4244: “参数”: 从“float”转换到“int”，可能丢失数据
F:\c++_sourceCode\project\CSVrecite\excel_recite\ui.h(24,71): warning C4244: “参数”: 从“float”转换到“int”，可能丢失数据
F:\c++_sourceCode\project\CSVrecite\excel_recite\ui.h(24,56): warning C4244: “参数”: 从“float”转换到“int”，可能丢失数据
F:\c++_sourceCode\project\CSVrecite\excel_recite\ui.h(24,42): warning C4244: “参数”: 从“float”转换到“int”，可能丢失数据
F:\c++_sourceCode\project\CSVrecite\excel_recite\ui.h(25,82): warning C4244: “参数”: 从“float”转换到“int”，可能丢失数据
F:\c++_sourceCode\project\CSVrecite\excel_recite\ui.h(25,69): warning C4244: “参数”: 从“float”转换到“int”，可能丢失数据
F:\c++_sourceCode\project\CSVrecite\excel_recite\ui.h(25,54): warning C4244: “参数”: 从“float”转换到“int”，可能丢失数据
F:\c++_sourceCode\project\CSVrecite\excel_recite\ui.h(25,40): warning C4244: “参数”: 从“float”转换到“int”，可能丢失数据
F:\c++_sourceCode\project\CSVrecite\excel_recite\ui.h(26,87): warning C4244: “参数”: 从“float”转换到“int”，可能丢失数据
F:\c++_sourceCode\project\CSVrecite\excel_recite\ui.h(26,74): warning C4244: “参数”: 从“float”转换到“int”，可能丢失数据
F:\c++_sourceCode\project\CSVrecite\excel_recite\ui.h(26,59): warning C4244: “参数”: 从“float”转换到“int”，可能丢失数据
F:\c++_sourceCode\project\CSVrecite\excel_recite\ui.h(26,45): warning C4244: “参数”: 从“float”转换到“int”，可能丢失数据
F:\c++_sourceCode\project\CSVrecite\excel_recite\ui.h(27,83): warning C4244: “参数”: 从“float”转换到“int”，可能丢失数据
F:\c++_sourceCode\project\CSVrecite\excel_recite\ui.h(27,70): warning C4244: “参数”: 从“float”转换到“int”，可能丢失数据
F:\c++_sourceCode\project\CSVrecite\excel_recite\ui.h(27,55): warning C4244: “参数”: 从“float”转换到“int”，可能丢失数据
F:\c++_sourceCode\project\CSVrecite\excel_recite\ui.h(27,41): warning C4244: “参数”: 从“float”转换到“int”，可能丢失数据
F:\c++_sourceCode\project\CSVrecite\excel_recite\ui.h(28,90): warning C4244: “参数”: 从“float”转换到“int”，可能丢失数据
F:\c++_sourceCode\project\CSVrecite\excel_recite\ui.h(28,77): warning C4244: “参数”: 从“float”转换到“int”，可能丢失数据
F:\c++_sourceCode\project\CSVrecite\excel_recite\ui.h(28,62): warning C4244: “参数”: 从“float”转换到“int”，可能丢失数据
F:\c++_sourceCode\project\CSVrecite\excel_recite\ui.h(28,48): warning C4244: “参数”: 从“float”转换到“int”，可能丢失数据
F:\c++_sourceCode\project\CSVrecite\excel_recite\ui.h(29,85): warning C4244: “参数”: 从“float”转换到“int”，可能丢失数据
F:\c++_sourceCode\project\CSVrecite\excel_recite\ui.h(29,72): warning C4244: “参数”: 从“float”转换到“int”，可能丢失数据
F:\c++_sourceCode\project\CSVrecite\excel_recite\ui.h(29,57): warning C4244: “参数”: 从“float”转换到“int”，可能丢失数据
F:\c++_sourceCode\project\CSVrecite\excel_recite\ui.h(29,43): warning C4244: “参数”: 从“float”转换到“int”，可能丢失数据
F:\c++_sourceCode\project\CSVrecite\excel_recite\ui.h(30,83): warning C4244: “参数”: 从“float”转换到“int”，可能丢失数据
F:\c++_sourceCode\project\CSVrecite\excel_recite\ui.h(30,70): warning C4244: “参数”: 从“float”转换到“int”，可能丢失数据
F:\c++_sourceCode\project\CSVrecite\excel_recite\ui.h(30,55): warning C4244: “参数”: 从“float”转换到“int”，可能丢失数据
F:\c++_sourceCode\project\CSVrecite\excel_recite\ui.h(30,41): warning C4244: “参数”: 从“float”转换到“int”，可能丢失数据
F:\c++_sourceCode\project\CSVrecite\excel_recite\ui.h(31,88): warning C4244: “参数”: 从“float”转换到“int”，可能丢失数据
F:\c++_sourceCode\project\CSVrecite\excel_recite\ui.h(31,75): warning C4244: “参数”: 从“float”转换到“int”，可能丢失数据
F:\c++_sourceCode\project\CSVrecite\excel_recite\ui.h(31,60): warning C4244: “参数”: 从“float”转换到“int”，可能丢失数据
F:\c++_sourceCode\project\CSVrecite\excel_recite\ui.h(31,46): warning C4244: “参数”: 从“float”转换到“int”，可能丢失数据
F:\c++_sourceCode\project\CSVrecite\excel_recite\ui.h(32,86): warning C4244: “参数”: 从“float”转换到“int”，可能丢失数据
F:\c++_sourceCode\project\CSVrecite\excel_recite\ui.h(32,73): warning C4244: “参数”: 从“float”转换到“int”，可能丢失数据
F:\c++_sourceCode\project\CSVrecite\excel_recite\ui.h(32,58): warning C4244: “参数”: 从“float”转换到“int”，可能丢失数据
F:\c++_sourceCode\project\CSVrecite\excel_recite\ui.h(32,44): warning C4244: “参数”: 从“float”转换到“int”，可能丢失数据
F:\c++_sourceCode\project\CSVrecite\excel_recite\ui.h(33,96): warning C4244: “参数”: 从“float”转换到“int”，可能丢失数据
F:\c++_sourceCode\project\CSVrecite\excel_recite\ui.h(33,83): warning C4244: “参数”: 从“float”转换到“int”，可能丢失数据
F:\c++_sourceCode\project\CSVrecite\excel_recite\ui.h(33,68): warning C4244: “参数”: 从“float”转换到“int”，可能丢失数据
F:\c++_sourceCode\project\CSVrecite\excel_recite\ui.h(33,54): warning C4244: “参数”: 从“float”转换到“int”，可能丢失数据
F:\c++_sourceCode\project\CSVrecite\excel_recite\ui.h(34,89): warning C4244: “参数”: 从“float”转换到“int”，可能丢失数据
F:\c++_sourceCode\project\CSVrecite\excel_recite\ui.h(34,76): warning C4244: “参数”: 从“float”转换到“int”，可能丢失数据
F:\c++_sourceCode\project\CSVrecite\excel_recite\ui.h(34,61): warning C4244: “参数”: 从“float”转换到“int”，可能丢失数据
F:\c++_sourceCode\project\CSVrecite\excel_recite\ui.h(34,47): warning C4244: “参数”: 从“float”转换到“int”，可能丢失数据
F:\c++_sourceCode\project\CSVrecite\excel_recite\ui.h(35,87): warning C4244: “参数”: 从“float”转换到“int”，可能丢失数据
F:\c++_sourceCode\project\CSVrecite\excel_recite\ui.h(35,74): warning C4244: “参数”: 从“float”转换到“int”，可能丢失数据
F:\c++_sourceCode\project\CSVrecite\excel_recite\ui.h(35,59): warning C4244: “参数”: 从“float”转换到“int”，可能丢失数据
F:\c++_sourceCode\project\CSVrecite\excel_recite\ui.h(35,45): warning C4244: “参数”: 从“float”转换到“int”，可能丢失数据
F:\c++_sourceCode\project\CSVrecite\excel_recite\ui.h(36,83): warning C4244: “参数”: 从“float”转换到“int”，可能丢失数据
F:\c++_sourceCode\project\CSVrecite\excel_recite\ui.h(36,70): warning C4244: “参数”: 从“float”转换到“int”，可能丢失数据
F:\c++_sourceCode\project\CSVrecite\excel_recite\ui.h(36,55): warning C4244: “参数”: 从“float”转换到“int”，可能丢失数据
F:\c++_sourceCode\project\CSVrecite\excel_recite\ui.h(36,41): warning C4244: “参数”: 从“float”转换到“int”，可能丢失数据
F:\c++_sourceCode\project\CSVrecite\excel_recite\main.cpp(12,31): warning C4244: “参数”: 从“float”转换到“int”，可能丢失数据
F:\c++_sourceCode\project\CSVrecite\excel_recite\main.cpp(12,17): warning C4244: “参数”: 从“float”转换到“int”，可能丢失数据
F:\c++_sourceCode\project\CSVrecite\excel_recite\main.cpp(13,31): warning C4244: “参数”: 从“float”转换到“int”，可能丢失数据
F:\c++_sourceCode\project\CSVrecite\excel_recite\main.cpp(13,17): warning C4244: “参数”: 从“float”转换到“int”，可能丢失数据
F:\c++_sourceCode\project\CSVrecite\excel_recite\main.cpp(15,41): warning C4244: “参数”: 从“float”转换到“int”，可能丢失数据
F:\c++_sourceCode\project\CSVrecite\excel_recite\main.cpp(15,27): warning C4244: “参数”: 从“float”转换到“int”，可能丢失数据
F:\c++_sourceCode\project\CSVrecite\excel_recite\main.cpp(62,42): warning C4244: “参数”: 从“float”转换到“int”，可能丢失数据
F:\c++_sourceCode\project\CSVrecite\excel_recite\main.cpp(62,28): warning C4244: “参数”: 从“float”转换到“int”，可能丢失数据
F:\c++_sourceCode\project\CSVrecite\excel_recite\main.cpp(122,35): warning C4244: “参数”: 从“float”转换到“int”，可能丢失数据
F:\c++_sourceCode\project\CSVrecite\excel_recite\main.cpp(122,21): warning C4244: “参数”: 从“float”转换到“int”，可能丢失数据
F:\c++_sourceCode\project\CSVrecite\excel_recite\main.cpp(123,32): warning C4244: “参数”: 从“float”转换到“int”，可能丢失数据
F:\c++_sourceCode\project\CSVrecite\excel_recite\main.cpp(123,18): warning C4244: “参数”: 从“float”转换到“int”，可能丢失数据
F:\c++_sourceCode\project\CSVrecite\excel_recite\main.cpp(127,16): warning C4996: 'GetMouseMsg': This function is deprecated. Instead, use this new function: getmessage. See https://docs.easyx.cn/getmessage for details.
  ui.cpp
F:\c++_sourceCode\project\CSVrecite\excel_recite\ui.h(8,13): warning C4244: “初始化”: 从“int”转换到“float”，可能丢失数据
F:\c++_sourceCode\project\CSVrecite\excel_recite\ui.h(9,14): warning C4244: “初始化”: 从“int”转换到“float”，可能丢失数据
F:\c++_sourceCode\project\CSVrecite\excel_recite\ui.h(10,14): warning C4244: “初始化”: 从“double”转换到“float”，可能丢失数据
F:\c++_sourceCode\project\CSVrecite\excel_recite\ui.h(11,15): warning C4244: “初始化”: 从“double”转换到“float”，可能丢失数据
F:\c++_sourceCode\project\CSVrecite\excel_recite\ui.h(20,80): warning C4244: “参数”: 从“float”转换到“int”，可能丢失数据
F:\c++_sourceCode\project\CSVrecite\excel_recite\ui.h(20,67): warning C4244: “参数”: 从“float”转换到“int”，可能丢失数据
F:\c++_sourceCode\project\CSVrecite\excel_recite\ui.h(20,52): warning C4244: “参数”: 从“float”转换到“int”，可能丢失数据
F:\c++_sourceCode\project\CSVrecite\excel_recite\ui.h(20,39): warning C4244: “参数”: 从“float”转换到“int”，可能丢失数据
F:\c++_sourceCode\project\CSVrecite\excel_recite\ui.h(21,80): warning C4244: “参数”: 从“float”转换到“int”，可能丢失数据
F:\c++_sourceCode\project\CSVrecite\excel_recite\ui.h(21,67): warning C4244: “参数”: 从“float”转换到“int”，可能丢失数据
F:\c++_sourceCode\project\CSVrecite\excel_recite\ui.h(21,52): warning C4244: “参数”: 从“float”转换到“int”，可能丢失数据
F:\c++_sourceCode\project\CSVrecite\excel_recite\ui.h(21,39): warning C4244: “参数”: 从“float”转换到“int”，可能丢失数据
F:\c++_sourceCode\project\CSVrecite\excel_recite\ui.h(22,87): warning C4244: “参数”: 从“float”转换到“int”，可能丢失数据
F:\c++_sourceCode\project\CSVrecite\excel_recite\ui.h(22,74): warning C4244: “参数”: 从“float”转换到“int”，可能丢失数据
F:\c++_sourceCode\project\CSVrecite\excel_recite\ui.h(22,59): warning C4244: “参数”: 从“float”转换到“int”，可能丢失数据
F:\c++_sourceCode\project\CSVrecite\excel_recite\ui.h(22,45): warning C4244: “参数”: 从“float”转换到“int”，可能丢失数据
F:\c++_sourceCode\project\CSVrecite\excel_recite\ui.h(23,88): warning C4244: “参数”: 从“float”转换到“int”，可能丢失数据
F:\c++_sourceCode\project\CSVrecite\excel_recite\ui.h(23,75): warning C4244: “参数”: 从“float”转换到“int”，可能丢失数据
F:\c++_sourceCode\project\CSVrecite\excel_recite\ui.h(23,60): warning C4244: “参数”: 从“float”转换到“int”，可能丢失数据
F:\c++_sourceCode\project\CSVrecite\excel_recite\ui.h(23,46): warning C4244: “参数”: 从“float”转换到“int”，可能丢失数据
F:\c++_sourceCode\project\CSVrecite\excel_recite\ui.h(24,84): warning C4244: “参数”: 从“float”转换到“int”，可能丢失数据
F:\c++_sourceCode\project\CSVrecite\excel_recite\ui.h(24,71): warning C4244: “参数”: 从“float”转换到“int”，可能丢失数据
F:\c++_sourceCode\project\CSVrecite\excel_recite\ui.h(24,56): warning C4244: “参数”: 从“float”转换到“int”，可能丢失数据
F:\c++_sourceCode\project\CSVrecite\excel_recite\ui.h(24,42): warning C4244: “参数”: 从“float”转换到“int”，可能丢失数据
F:\c++_sourceCode\project\CSVrecite\excel_recite\ui.h(25,82): warning C4244: “参数”: 从“float”转换到“int”，可能丢失数据
F:\c++_sourceCode\project\CSVrecite\excel_recite\ui.h(25,69): warning C4244: “参数”: 从“float”转换到“int”，可能丢失数据
F:\c++_sourceCode\project\CSVrecite\excel_recite\ui.h(25,54): warning C4244: “参数”: 从“float”转换到“int”，可能丢失数据
F:\c++_sourceCode\project\CSVrecite\excel_recite\ui.h(25,40): warning C4244: “参数”: 从“float”转换到“int”，可能丢失数据
F:\c++_sourceCode\project\CSVrecite\excel_recite\ui.h(26,87): warning C4244: “参数”: 从“float”转换到“int”，可能丢失数据
F:\c++_sourceCode\project\CSVrecite\excel_recite\ui.h(26,74): warning C4244: “参数”: 从“float”转换到“int”，可能丢失数据
F:\c++_sourceCode\project\CSVrecite\excel_recite\ui.h(26,59): warning C4244: “参数”: 从“float”转换到“int”，可能丢失数据
F:\c++_sourceCode\project\CSVrecite\excel_recite\ui.h(26,45): warning C4244: “参数”: 从“float”转换到“int”，可能丢失数据
F:\c++_sourceCode\project\CSVrecite\excel_recite\ui.h(27,83): warning C4244: “参数”: 从“float”转换到“int”，可能丢失数据
F:\c++_sourceCode\project\CSVrecite\excel_recite\ui.h(27,70): warning C4244: “参数”: 从“float”转换到“int”，可能丢失数据
F:\c++_sourceCode\project\CSVrecite\excel_recite\ui.h(27,55): warning C4244: “参数”: 从“float”转换到“int”，可能丢失数据
F:\c++_sourceCode\project\CSVrecite\excel_recite\ui.h(27,41): warning C4244: “参数”: 从“float”转换到“int”，可能丢失数据
F:\c++_sourceCode\project\CSVrecite\excel_recite\ui.h(28,90): warning C4244: “参数”: 从“float”转换到“int”，可能丢失数据
F:\c++_sourceCode\project\CSVrecite\excel_recite\ui.h(28,77): warning C4244: “参数”: 从“float”转换到“int”，可能丢失数据
F:\c++_sourceCode\project\CSVrecite\excel_recite\ui.h(28,62): warning C4244: “参数”: 从“float”转换到“int”，可能丢失数据
F:\c++_sourceCode\project\CSVrecite\excel_recite\ui.h(28,48): warning C4244: “参数”: 从“float”转换到“int”，可能丢失数据
F:\c++_sourceCode\project\CSVrecite\excel_recite\ui.h(29,85): warning C4244: “参数”: 从“float”转换到“int”，可能丢失数据
F:\c++_sourceCode\project\CSVrecite\excel_recite\ui.h(29,72): warning C4244: “参数”: 从“float”转换到“int”，可能丢失数据
F:\c++_sourceCode\project\CSVrecite\excel_recite\ui.h(29,57): warning C4244: “参数”: 从“float”转换到“int”，可能丢失数据
F:\c++_sourceCode\project\CSVrecite\excel_recite\ui.h(29,43): warning C4244: “参数”: 从“float”转换到“int”，可能丢失数据
F:\c++_sourceCode\project\CSVrecite\excel_recite\ui.h(30,83): warning C4244: “参数”: 从“float”转换到“int”，可能丢失数据
F:\c++_sourceCode\project\CSVrecite\excel_recite\ui.h(30,70): warning C4244: “参数”: 从“float”转换到“int”，可能丢失数据
F:\c++_sourceCode\project\CSVrecite\excel_recite\ui.h(30,55): warning C4244: “参数”: 从“float”转换到“int”，可能丢失数据
F:\c++_sourceCode\project\CSVrecite\excel_recite\ui.h(30,41): warning C4244: “参数”: 从“float”转换到“int”，可能丢失数据
F:\c++_sourceCode\project\CSVrecite\excel_recite\ui.h(31,88): warning C4244: “参数”: 从“float”转换到“int”，可能丢失数据
F:\c++_sourceCode\project\CSVrecite\excel_recite\ui.h(31,75): warning C4244: “参数”: 从“float”转换到“int”，可能丢失数据
F:\c++_sourceCode\project\CSVrecite\excel_recite\ui.h(31,60): warning C4244: “参数”: 从“float”转换到“int”，可能丢失数据
F:\c++_sourceCode\project\CSVrecite\excel_recite\ui.h(31,46): warning C4244: “参数”: 从“float”转换到“int”，可能丢失数据
F:\c++_sourceCode\project\CSVrecite\excel_recite\ui.h(32,86): warning C4244: “参数”: 从“float”转换到“int”，可能丢失数据
F:\c++_sourceCode\project\CSVrecite\excel_recite\ui.h(32,73): warning C4244: “参数”: 从“float”转换到“int”，可能丢失数据
F:\c++_sourceCode\project\CSVrecite\excel_recite\ui.h(32,58): warning C4244: “参数”: 从“float”转换到“int”，可能丢失数据
F:\c++_sourceCode\project\CSVrecite\excel_recite\ui.h(32,44): warning C4244: “参数”: 从“float”转换到“int”，可能丢失数据
F:\c++_sourceCode\project\CSVrecite\excel_recite\ui.h(33,96): warning C4244: “参数”: 从“float”转换到“int”，可能丢失数据
F:\c++_sourceCode\project\CSVrecite\excel_recite\ui.h(33,83): warning C4244: “参数”: 从“float”转换到“int”，可能丢失数据
F:\c++_sourceCode\project\CSVrecite\excel_recite\ui.h(33,68): warning C4244: “参数”: 从“float”转换到“int”，可能丢失数据
F:\c++_sourceCode\project\CSVrecite\excel_recite\ui.h(33,54): warning C4244: “参数”: 从“float”转换到“int”，可能丢失数据
F:\c++_sourceCode\project\CSVrecite\excel_recite\ui.h(34,89): warning C4244: “参数”: 从“float”转换到“int”，可能丢失数据
F:\c++_sourceCode\project\CSVrecite\excel_recite\ui.h(34,76): warning C4244: “参数”: 从“float”转换到“int”，可能丢失数据
F:\c++_sourceCode\project\CSVrecite\excel_recite\ui.h(34,61): warning C4244: “参数”: 从“float”转换到“int”，可能丢失数据
F:\c++_sourceCode\project\CSVrecite\excel_recite\ui.h(34,47): warning C4244: “参数”: 从“float”转换到“int”，可能丢失数据
F:\c++_sourceCode\project\CSVrecite\excel_recite\ui.h(35,87): warning C4244: “参数”: 从“float”转换到“int”，可能丢失数据
F:\c++_sourceCode\project\CSVrecite\excel_recite\ui.h(35,74): warning C4244: “参数”: 从“float”转换到“int”，可能丢失数据
F:\c++_sourceCode\project\CSVrecite\excel_recite\ui.h(35,59): warning C4244: “参数”: 从“float”转换到“int”，可能丢失数据
F:\c++_sourceCode\project\CSVrecite\excel_recite\ui.h(35,45): warning C4244: “参数”: 从“float”转换到“int”，可能丢失数据
F:\c++_sourceCode\project\CSVrecite\excel_recite\ui.h(36,83): warning C4244: “参数”: 从“float”转换到“int”，可能丢失数据
F:\c++_sourceCode\project\CSVrecite\excel_recite\ui.h(36,70): warning C4244: “参数”: 从“float”转换到“int”，可能丢失数据
F:\c++_sourceCode\project\CSVrecite\excel_recite\ui.h(36,55): warning C4244: “参数”: 从“float”转换到“int”，可能丢失数据
F:\c++_sourceCode\project\CSVrecite\excel_recite\ui.h(36,41): warning C4244: “参数”: 从“float”转换到“int”，可能丢失数据
F:\c++_sourceCode\project\CSVrecite\excel_recite\ui.cpp(28,2): warning C4996: 'strcpy': This function or variable may be unsafe. Consider using strcpy_s instead. To disable deprecation, use _CRT_SECURE_NO_WARNINGS. See online help for details.
F:\c++_sourceCode\project\CSVrecite\excel_recite\ui.cpp(36,30): warning C4244: “参数”: 从“float”转换到“int”，可能丢失数据
F:\c++_sourceCode\project\CSVrecite\excel_recite\ui.cpp(36,18): warning C4244: “参数”: 从“float”转换到“int”，可能丢失数据
F:\c++_sourceCode\project\CSVrecite\excel_recite\ui.cpp(41,39): warning C4244: “参数”: 从“float”转换到“int”，可能丢失数据
F:\c++_sourceCode\project\CSVrecite\excel_recite\ui.cpp(41,18): warning C4244: “参数”: 从“float”转换到“int”，可能丢失数据
F:\c++_sourceCode\project\CSVrecite\excel_recite\ui.cpp(160,32): warning C4244: “参数”: 从“float”转换到“int”，可能丢失数据
F:\c++_sourceCode\project\CSVrecite\excel_recite\ui.cpp(160,18): warning C4244: “参数”: 从“float”转换到“int”，可能丢失数据
F:\c++_sourceCode\project\CSVrecite\excel_recite\ui.cpp(161,28): warning C4244: “参数”: 从“float”转换到“int”，可能丢失数据
F:\c++_sourceCode\project\CSVrecite\excel_recite\ui.cpp(161,16): warning C4244: “参数”: 从“float”转换到“int”，可能丢失数据
F:\c++_sourceCode\project\CSVrecite\excel_recite\ui.cpp(162,28): warning C4244: “参数”: 从“float”转换到“int”，可能丢失数据
F:\c++_sourceCode\project\CSVrecite\excel_recite\ui.cpp(162,16): warning C4244: “参数”: 从“float”转换到“int”，可能丢失数据
F:\c++_sourceCode\project\CSVrecite\excel_recite\ui.cpp(157,2): warning C4996: '_itoa': This function or variable may be unsafe. Consider using _itoa_s instead. To disable deprecation, use _CRT_SECURE_NO_WARNINGS. See online help for details.
F:\c++_sourceCode\project\CSVrecite\excel_recite\ui.cpp(207,33): warning C4244: “参数”: 从“float”转换到“int”，可能丢失数据
F:\c++_sourceCode\project\CSVrecite\excel_recite\ui.cpp(207,19): warning C4244: “参数”: 从“float”转换到“int”，可能丢失数据
F:\c++_sourceCode\project\CSVrecite\excel_recite\ui.cpp(209,30): warning C4244: “参数”: 从“float”转换到“int”，可能丢失数据
F:\c++_sourceCode\project\CSVrecite\excel_recite\ui.cpp(209,16): warning C4244: “参数”: 从“float”转换到“int”，可能丢失数据
F:\c++_sourceCode\project\CSVrecite\excel_recite\ui.cpp(213,32): warning C4244: “参数”: 从“float”转换到“int”，可能丢失数据
F:\c++_sourceCode\project\CSVrecite\excel_recite\ui.cpp(213,18): warning C4244: “参数”: 从“float”转换到“int”，可能丢失数据
F:\c++_sourceCode\project\CSVrecite\excel_recite\ui.cpp(215,30): warning C4244: “参数”: 从“float”转换到“int”，可能丢失数据
F:\c++_sourceCode\project\CSVrecite\excel_recite\ui.cpp(215,16): warning C4244: “参数”: 从“float”转换到“int”，可能丢失数据
F:\c++_sourceCode\project\CSVrecite\excel_recite\ui.cpp(221,34): warning C4244: “参数”: 从“float”转换到“int”，可能丢失数据
F:\c++_sourceCode\project\CSVrecite\excel_recite\ui.cpp(221,20): warning C4244: “参数”: 从“float”转换到“int”，可能丢失数据
F:\c++_sourceCode\project\CSVrecite\excel_recite\ui.cpp(223,31): warning C4244: “参数”: 从“float”转换到“int”，可能丢失数据
F:\c++_sourceCode\project\CSVrecite\excel_recite\ui.cpp(223,17): warning C4244: “参数”: 从“float”转换到“int”，可能丢失数据
F:\c++_sourceCode\project\CSVrecite\excel_recite\ui.cpp(228,32): warning C4244: “参数”: 从“float”转换到“int”，可能丢失数据
F:\c++_sourceCode\project\CSVrecite\excel_recite\ui.cpp(228,18): warning C4244: “参数”: 从“float”转换到“int”，可能丢失数据
F:\c++_sourceCode\project\CSVrecite\excel_recite\ui.cpp(229,30): warning C4244: “参数”: 从“float”转换到“int”，可能丢失数据
F:\c++_sourceCode\project\CSVrecite\excel_recite\ui.cpp(229,16): warning C4244: “参数”: 从“float”转换到“int”，可能丢失数据
F:\c++_sourceCode\project\CSVrecite\excel_recite\ui.cpp(232,32): warning C4244: “参数”: 从“float”转换到“int”，可能丢失数据
F:\c++_sourceCode\project\CSVrecite\excel_recite\ui.cpp(232,18): warning C4244: “参数”: 从“float”转换到“int”，可能丢失数据
F:\c++_sourceCode\project\CSVrecite\excel_recite\ui.cpp(235,30): warning C4244: “参数”: 从“float”转换到“int”，可能丢失数据
F:\c++_sourceCode\project\CSVrecite\excel_recite\ui.cpp(235,16): warning C4244: “参数”: 从“float”转换到“int”，可能丢失数据
F:\c++_sourceCode\project\CSVrecite\excel_recite\ui.cpp(240,32): warning C4244: “参数”: 从“float”转换到“int”，可能丢失数据
F:\c++_sourceCode\project\CSVrecite\excel_recite\ui.cpp(240,18): warning C4244: “参数”: 从“float”转换到“int”，可能丢失数据
F:\c++_sourceCode\project\CSVrecite\excel_recite\ui.cpp(241,30): warning C4244: “参数”: 从“float”转换到“int”，可能丢失数据
F:\c++_sourceCode\project\CSVrecite\excel_recite\ui.cpp(241,16): warning C4244: “参数”: 从“float”转换到“int”，可能丢失数据
F:\c++_sourceCode\project\CSVrecite\excel_recite\ui.cpp(244,32): warning C4244: “参数”: 从“float”转换到“int”，可能丢失数据
F:\c++_sourceCode\project\CSVrecite\excel_recite\ui.cpp(244,18): warning C4244: “参数”: 从“float”转换到“int”，可能丢失数据
F:\c++_sourceCode\project\CSVrecite\excel_recite\ui.cpp(247,30): warning C4244: “参数”: 从“float”转换到“int”，可能丢失数据
F:\c++_sourceCode\project\CSVrecite\excel_recite\ui.cpp(247,16): warning C4244: “参数”: 从“float”转换到“int”，可能丢失数据
F:\c++_sourceCode\project\CSVrecite\excel_recite\ui.cpp(252,32): warning C4244: “参数”: 从“float”转换到“int”，可能丢失数据
F:\c++_sourceCode\project\CSVrecite\excel_recite\ui.cpp(252,18): warning C4244: “参数”: 从“float”转换到“int”，可能丢失数据
F:\c++_sourceCode\project\CSVrecite\excel_recite\ui.cpp(253,30): warning C4244: “参数”: 从“float”转换到“int”，可能丢失数据
F:\c++_sourceCode\project\CSVrecite\excel_recite\ui.cpp(253,16): warning C4244: “参数”: 从“float”转换到“int”，可能丢失数据
F:\c++_sourceCode\project\CSVrecite\excel_recite\ui.cpp(256,32): warning C4244: “参数”: 从“float”转换到“int”，可能丢失数据
F:\c++_sourceCode\project\CSVrecite\excel_recite\ui.cpp(256,18): warning C4244: “参数”: 从“float”转换到“int”，可能丢失数据
F:\c++_sourceCode\project\CSVrecite\excel_recite\ui.cpp(262,16): warning C4244: “=”: 从“float”转换到“int”，可能丢失数据
F:\c++_sourceCode\project\CSVrecite\excel_recite\ui.cpp(265,31): warning C4244: “参数”: 从“float”转换到“int”，可能丢失数据
F:\c++_sourceCode\project\CSVrecite\excel_recite\ui.cpp(265,17): warning C4244: “参数”: 从“float”转换到“int”，可能丢失数据
F:\c++_sourceCode\project\CSVrecite\excel_recite\ui.cpp(268,32): warning C4244: “参数”: 从“float”转换到“int”，可能丢失数据
F:\c++_sourceCode\project\CSVrecite\excel_recite\ui.cpp(268,18): warning C4244: “参数”: 从“float”转换到“int”，可能丢失数据
F:\c++_sourceCode\project\CSVrecite\excel_recite\ui.cpp(269,31): warning C4244: “参数”: 从“float”转换到“int”，可能丢失数据
F:\c++_sourceCode\project\CSVrecite\excel_recite\ui.cpp(269,17): warning C4244: “参数”: 从“float”转换到“int”，可能丢失数据
F:\c++_sourceCode\project\CSVrecite\excel_recite\ui.cpp(276,33): warning C4244: “参数”: 从“float”转换到“int”，可能丢失数据
F:\c++_sourceCode\project\CSVrecite\excel_recite\ui.cpp(276,19): warning C4244: “参数”: 从“float”转换到“int”，可能丢失数据
F:\c++_sourceCode\project\CSVrecite\excel_recite\ui.cpp(277,31): warning C4244: “参数”: 从“float”转换到“int”，可能丢失数据
F:\c++_sourceCode\project\CSVrecite\excel_recite\ui.cpp(277,17): warning C4244: “参数”: 从“float”转换到“int”，可能丢失数据
F:\c++_sourceCode\project\CSVrecite\excel_recite\ui.cpp(282,33): warning C4244: “参数”: 从“float”转换到“int”，可能丢失数据
F:\c++_sourceCode\project\CSVrecite\excel_recite\ui.cpp(282,19): warning C4244: “参数”: 从“float”转换到“int”，可能丢失数据
F:\c++_sourceCode\project\CSVrecite\excel_recite\ui.cpp(284,31): warning C4244: “参数”: 从“float”转换到“int”，可能丢失数据
F:\c++_sourceCode\project\CSVrecite\excel_recite\ui.cpp(284,17): warning C4244: “参数”: 从“float”转换到“int”，可能丢失数据
F:\c++_sourceCode\project\CSVrecite\excel_recite\ui.cpp(289,33): warning C4244: “参数”: 从“float”转换到“int”，可能丢失数据
F:\c++_sourceCode\project\CSVrecite\excel_recite\ui.cpp(289,19): warning C4244: “参数”: 从“float”转换到“int”，可能丢失数据
F:\c++_sourceCode\project\CSVrecite\excel_recite\ui.cpp(291,31): warning C4244: “参数”: 从“float”转换到“int”，可能丢失数据
F:\c++_sourceCode\project\CSVrecite\excel_recite\ui.cpp(291,17): warning C4244: “参数”: 从“float”转换到“int”，可能丢失数据
F:\c++_sourceCode\project\CSVrecite\excel_recite\ui.cpp(296,33): warning C4244: “参数”: 从“float”转换到“int”，可能丢失数据
F:\c++_sourceCode\project\CSVrecite\excel_recite\ui.cpp(296,19): warning C4244: “参数”: 从“float”转换到“int”，可能丢失数据
F:\c++_sourceCode\project\CSVrecite\excel_recite\ui.cpp(298,31): warning C4244: “参数”: 从“float”转换到“int”，可能丢失数据
F:\c++_sourceCode\project\CSVrecite\excel_recite\ui.cpp(298,17): warning C4244: “参数”: 从“float”转换到“int”，可能丢失数据
F:\c++_sourceCode\project\CSVrecite\excel_recite\ui.cpp(304,34): warning C4244: “参数”: 从“float”转换到“int”，可能丢失数据
F:\c++_sourceCode\project\CSVrecite\excel_recite\ui.cpp(304,20): warning C4244: “参数”: 从“float”转换到“int”，可能丢失数据
F:\c++_sourceCode\project\CSVrecite\excel_recite\ui.cpp(305,32): warning C4244: “参数”: 从“float”转换到“int”，可能丢失数据
F:\c++_sourceCode\project\CSVrecite\excel_recite\ui.cpp(305,18): warning C4244: “参数”: 从“float”转换到“int”，可能丢失数据
F:\c++_sourceCode\project\CSVrecite\excel_recite\ui.cpp(310,34): warning C4244: “参数”: 从“float”转换到“int”，可能丢失数据
F:\c++_sourceCode\project\CSVrecite\excel_recite\ui.cpp(310,20): warning C4244: “参数”: 从“float”转换到“int”，可能丢失数据
F:\c++_sourceCode\project\CSVrecite\excel_recite\ui.cpp(311,32): warning C4244: “参数”: 从“float”转换到“int”，可能丢失数据
F:\c++_sourceCode\project\CSVrecite\excel_recite\ui.cpp(311,18): warning C4244: “参数”: 从“float”转换到“int”，可能丢失数据
F:\c++_sourceCode\project\CSVrecite\excel_recite\ui.cpp(316,34): warning C4244: “参数”: 从“float”转换到“int”，可能丢失数据
F:\c++_sourceCode\project\CSVrecite\excel_recite\ui.cpp(316,20): warning C4244: “参数”: 从“float”转换到“int”，可能丢失数据
F:\c++_sourceCode\project\CSVrecite\excel_recite\ui.cpp(317,32): warning C4244: “参数”: 从“float”转换到“int”，可能丢失数据
F:\c++_sourceCode\project\CSVrecite\excel_recite\ui.cpp(317,18): warning C4244: “参数”: 从“float”转换到“int”，可能丢失数据
F:\c++_sourceCode\project\CSVrecite\excel_recite\ui.cpp(327,32): warning C4244: “参数”: 从“float”转换到“int”，可能丢失数据
F:\c++_sourceCode\project\CSVrecite\excel_recite\ui.cpp(327,18): warning C4244: “参数”: 从“float”转换到“int”，可能丢失数据
F:\c++_sourceCode\project\CSVrecite\excel_recite\ui.cpp(343,29): warning C4244: “参数”: 从“float”转换到“int”，可能丢失数据
F:\c++_sourceCode\project\CSVrecite\excel_recite\ui.cpp(343,16): warning C4244: “参数”: 从“float”转换到“int”，可能丢失数据
F:\c++_sourceCode\project\CSVrecite\excel_recite\ui.cpp(344,29): warning C4244: “参数”: 从“float”转换到“int”，可能丢失数据
F:\c++_sourceCode\project\CSVrecite\excel_recite\ui.cpp(344,16): warning C4244: “参数”: 从“float”转换到“int”，可能丢失数据
F:\c++_sourceCode\project\CSVrecite\excel_recite\ui.cpp(346,29): warning C4244: “参数”: 从“float”转换到“int”，可能丢失数据
F:\c++_sourceCode\project\CSVrecite\excel_recite\ui.cpp(346,16): warning C4244: “参数”: 从“float”转换到“int”，可能丢失数据
F:\c++_sourceCode\project\CSVrecite\excel_recite\ui.cpp(347,29): warning C4244: “参数”: 从“float”转换到“int”，可能丢失数据
F:\c++_sourceCode\project\CSVrecite\excel_recite\ui.cpp(347,16): warning C4244: “参数”: 从“float”转换到“int”，可能丢失数据
F:\c++_sourceCode\project\CSVrecite\excel_recite\ui.cpp(349,30): warning C4244: “参数”: 从“float”转换到“int”，可能丢失数据
F:\c++_sourceCode\project\CSVrecite\excel_recite\ui.cpp(349,16): warning C4244: “参数”: 从“float”转换到“int”，可能丢失数据
F:\c++_sourceCode\project\CSVrecite\excel_recite\ui.cpp(350,30): warning C4244: “参数”: 从“float”转换到“int”，可能丢失数据
F:\c++_sourceCode\project\CSVrecite\excel_recite\ui.cpp(350,16): warning C4244: “参数”: 从“float”转换到“int”，可能丢失数据
F:\c++_sourceCode\project\CSVrecite\excel_recite\ui.cpp(354,31): warning C4244: “参数”: 从“float”转换到“int”，可能丢失数据
F:\c++_sourceCode\project\CSVrecite\excel_recite\ui.cpp(354,17): warning C4244: “参数”: 从“float”转换到“int”，可能丢失数据
F:\c++_sourceCode\project\CSVrecite\excel_recite\ui.cpp(355,31): warning C4244: “参数”: 从“float”转换到“int”，可能丢失数据
F:\c++_sourceCode\project\CSVrecite\excel_recite\ui.cpp(355,17): warning C4244: “参数”: 从“float”转换到“int”，可能丢失数据
F:\c++_sourceCode\project\CSVrecite\excel_recite\ui.cpp(358,30): warning C4244: “参数”: 从“float”转换到“int”，可能丢失数据
F:\c++_sourceCode\project\CSVrecite\excel_recite\ui.cpp(358,16): warning C4244: “参数”: 从“float”转换到“int”，可能丢失数据
F:\c++_sourceCode\project\CSVrecite\excel_recite\ui.cpp(359,30): warning C4244: “参数”: 从“float”转换到“int”，可能丢失数据
F:\c++_sourceCode\project\CSVrecite\excel_recite\ui.cpp(359,16): warning C4244: “参数”: 从“float”转换到“int”，可能丢失数据
F:\c++_sourceCode\project\CSVrecite\excel_recite\ui.cpp(368,62): warning C4244: “参数”: 从“float”转换到“int”，可能丢失数据
F:\c++_sourceCode\project\CSVrecite\excel_recite\ui.cpp(368,49): warning C4244: “参数”: 从“float”转换到“int”，可能丢失数据
F:\c++_sourceCode\project\CSVrecite\excel_recite\ui.cpp(368,33): warning C4244: “参数”: 从“float”转换到“int”，可能丢失数据
F:\c++_sourceCode\project\CSVrecite\excel_recite\ui.cpp(368,20): warning C4244: “参数”: 从“float”转换到“int”，可能丢失数据
F:\c++_sourceCode\project\CSVrecite\excel_recite\ui.cpp(371,90): warning C4244: “参数”: 从“float”转换到“int”，可能丢失数据
F:\c++_sourceCode\project\CSVrecite\excel_recite\ui.cpp(371,57): warning C4244: “参数”: 从“float”转换到“int”，可能丢失数据
F:\c++_sourceCode\project\CSVrecite\excel_recite\ui.cpp(371,33): warning C4244: “参数”: 从“float”转换到“int”，可能丢失数据
F:\c++_sourceCode\project\CSVrecite\excel_recite\ui.cpp(371,20): warning C4244: “参数”: 从“float”转换到“int”，可能丢失数据
F:\c++_sourceCode\project\CSVrecite\excel_recite\ui.cpp(374,91): warning C4244: “参数”: 从“float”转换到“int”，可能丢失数据
F:\c++_sourceCode\project\CSVrecite\excel_recite\ui.cpp(374,58): warning C4244: “参数”: 从“float”转换到“int”，可能丢失数据
F:\c++_sourceCode\project\CSVrecite\excel_recite\ui.cpp(374,34): warning C4244: “参数”: 从“float”转换到“int”，可能丢失数据
F:\c++_sourceCode\project\CSVrecite\excel_recite\ui.cpp(374,20): warning C4244: “参数”: 从“float”转换到“int”，可能丢失数据
F:\c++_sourceCode\project\CSVrecite\excel_recite\ui.cpp(396,64): warning C4244: “参数”: 从“float”转换到“int”，可能丢失数据
F:\c++_sourceCode\project\CSVrecite\excel_recite\ui.cpp(396,50): warning C4244: “参数”: 从“float”转换到“int”，可能丢失数据
F:\c++_sourceCode\project\CSVrecite\excel_recite\ui.cpp(396,34): warning C4244: “参数”: 从“float”转换到“int”，可能丢失数据
F:\c++_sourceCode\project\CSVrecite\excel_recite\ui.cpp(396,20): warning C4244: “参数”: 从“float”转换到“int”，可能丢失数据
F:\c++_sourceCode\project\CSVrecite\excel_recite\ui.cpp(400,81): warning C4244: “参数”: 从“float”转换到“int”，可能丢失数据
F:\c++_sourceCode\project\CSVrecite\excel_recite\ui.cpp(400,67): warning C4244: “参数”: 从“double”转换到“int”，可能丢失数据
F:\c++_sourceCode\project\CSVrecite\excel_recite\ui.cpp(400,34): warning C4244: “参数”: 从“float”转换到“int”，可能丢失数据
F:\c++_sourceCode\project\CSVrecite\excel_recite\ui.cpp(400,20): warning C4244: “参数”: 从“float”转换到“int”，可能丢失数据
F:\c++_sourceCode\project\CSVrecite\excel_recite\ui.cpp(404,32): warning C4244: “参数”: 从“float”转换到“int”，可能丢失数据
F:\c++_sourceCode\project\CSVrecite\excel_recite\ui.cpp(404,18): warning C4244: “参数”: 从“float”转换到“int”，可能丢失数据
F:\c++_sourceCode\project\CSVrecite\excel_recite\ui.cpp(405,30): warning C4244: “参数”: 从“float”转换到“int”，可能丢失数据
F:\c++_sourceCode\project\CSVrecite\excel_recite\ui.cpp(405,16): warning C4244: “参数”: 从“float”转换到“int”，可能丢失数据
F:\c++_sourceCode\project\CSVrecite\excel_recite\ui.cpp(406,30): warning C4244: “参数”: 从“float”转换到“int”，可能丢失数据
F:\c++_sourceCode\project\CSVrecite\excel_recite\ui.cpp(406,16): warning C4244: “参数”: 从“float”转换到“int”，可能丢失数据
main.obj : warning LNK4006: "bool __cdecl compReview(struct Word const &,struct Word const &)" (?compReview@@YA_NAEBUWord@@0@Z) 已在 logic.obj 中定义；已忽略第二个定义
main.obj : warning LNK4006: "bool __cdecl compRate(struct Word const &,struct Word const &)" (?compRate@@YA_NAEBUWord@@0@Z) 已在 logic.obj 中定义；已忽略第二个定义
ui.obj : warning LNK4006: "struct button * start" (?start@@3PEAUbutton@@EA) 已在 main.obj 中定义；已忽略第二个定义
ui.obj : warning LNK4006: "struct button * lastWord" (?lastWord@@3PEAUbutton@@EA) 已在 main.obj 中定义；已忽略第二个定义
ui.obj : warning LNK4006: "struct button * textToSpeech" (?textToSpeech@@3PEAUbutton@@EA) 已在 main.obj 中定义；已忽略第二个定义
ui.obj : warning LNK4006: "struct button * exitMemory" (?exitMemory@@3PEAUbutton@@EA) 已在 main.obj 中定义；已忽略第二个定义
ui.obj : warning LNK4006: "struct button * chineseSwitch" (?chineseSwitch@@3PEAUbutton@@EA) 已在 main.obj 中定义；已忽略第二个定义
ui.obj : warning LNK4006: "float Height" (?Height@@3MA) 已在 main.obj 中定义；已忽略第二个定义
ui.obj : warning LNK4006: "struct button * reviewPlus" (?reviewPlus@@3PEAUbutton@@EA) 已在 main.obj 中定义；已忽略第二个定义
ui.obj : warning LNK4006: "struct button * master" (?master@@3PEAUbutton@@EA) 已在 main.obj 中定义；已忽略第二个定义
ui.obj : warning LNK4006: "struct button * exportFile" (?exportFile@@3PEAUbutton@@EA) 已在 main.obj 中定义；已忽略第二个定义
ui.obj : warning LNK4006: "struct button * remember" (?remember@@3PEAUbutton@@EA) 已在 main.obj 中定义；已忽略第二个定义
ui.obj : warning LNK4006: "struct button * undoMemoryLastWord" (?undoMemoryLastWord@@3PEAUbutton@@EA) 已在 main.obj 中定义；已忽略第二个定义
ui.obj : warning LNK4006: "struct button * forget" (?forget@@3PEAUbutton@@EA) 已在 main.obj 中定义；已忽略第二个定义
ui.obj : warning LNK4006: "float Width" (?Width@@3MA) 已在 main.obj 中定义；已忽略第二个定义
ui.obj : warning LNK4006: "struct button * review" (?review@@3PEAUbutton@@EA) 已在 main.obj 中定义；已忽略第二个定义
ui.obj : warning LNK4006: "struct button * loadHistory" (?loadHistory@@3PEAUbutton@@EA) 已在 main.obj 中定义；已忽略第二个定义
ui.obj : warning LNK4006: "struct button * musicOn" (?musicOn@@3PEAUbutton@@EA) 已在 main.obj 中定义；已忽略第二个定义
ui.obj : warning LNK4006: "struct button * undoMemory" (?undoMemory@@3PEAUbutton@@EA) 已在 main.obj 中定义；已忽略第二个定义
ui.obj : warning LNK4006: "float uWidth" (?uWidth@@3MA) 已在 main.obj 中定义；已忽略第二个定义
ui.obj : warning LNK4006: "float uHeight" (?uHeight@@3MA) 已在 main.obj 中定义；已忽略第二个定义
ui.obj : warning LNK4006: "struct button * load" (?load@@3PEAUbutton@@EA) 已在 main.obj 中定义；已忽略第二个定义
ui.obj : warning LNK4006: "struct button * save" (?save@@3PEAUbutton@@EA) 已在 main.obj 中定义；已忽略第二个定义
F:\c++_sourceCode\project\CSVrecite\x64\Release\excel_recite.exe : warning LNK4088: 因 /FORCE 选项生成了映像；映像可能不能运行
  正在生成代码
  4 of 2668 functions ( 0.1%) were compiled, the rest were copied from previous compilation.
    0 functions were new in current compilation
    0 functions had inline decision re-evaluated but remain unchanged
  已完成代码的生成
* CIL library *(* CIL module *) : warning LNK4006: "struct button * start" (?start@@3PEAUbutton@@EA) 已在 * CIL library *(* CIL module *) 中定义；已忽略第二个定义
* CIL library *(* CIL module *) : warning LNK4006: "struct button * lastWord" (?lastWord@@3PEAUbutton@@EA) 已在 * CIL library *(* CIL module *) 中定义；已忽略第二个定义
* CIL library *(* CIL module *) : warning LNK4006: "struct button * textToSpeech" (?textToSpeech@@3PEAUbutton@@EA) 已在 * CIL library *(* CIL module *) 中定义；已忽略第二个定义
* CIL library *(* CIL module *) : warning LNK4006: "struct button * exitMemory" (?exitMemory@@3PEAUbutton@@EA) 已在 * CIL library *(* CIL module *) 中定义；已忽略第二个定义
* CIL library *(* CIL module *) : warning LNK4006: "struct button * chineseSwitch" (?chineseSwitch@@3PEAUbutton@@EA) 已在 * CIL library *(* CIL module *) 中定义；已忽略第二个定义
* CIL library *(* CIL module *) : warning LNK4006: "float Height" (?Height@@3MA) 已在 * CIL library *(* CIL module *) 中定义；已忽略第二个定义
* CIL library *(* CIL module *) : warning LNK4006: "struct button * reviewPlus" (?reviewPlus@@3PEAUbutton@@EA) 已在 * CIL library *(* CIL module *) 中定义；已忽略第二个定义
* CIL library *(* CIL module *) : warning LNK4006: "struct button * master" (?master@@3PEAUbutton@@EA) 已在 * CIL library *(* CIL module *) 中定义；已忽略第二个定义
* CIL library *(* CIL module *) : warning LNK4006: "struct button * exportFile" (?exportFile@@3PEAUbutton@@EA) 已在 * CIL library *(* CIL module *) 中定义；已忽略第二个定义
* CIL library *(* CIL module *) : warning LNK4006: "struct button * remember" (?remember@@3PEAUbutton@@EA) 已在 * CIL library *(* CIL module *) 中定义；已忽略第二个定义
* CIL library *(* CIL module *) : warning LNK4006: "struct button * undoMemoryLastWord" (?undoMemoryLastWord@@3PEAUbutton@@EA) 已在 * CIL library *(* CIL module *) 中定义；已忽略第二个定义
* CIL library *(* CIL module *) : warning LNK4006: "struct button * forget" (?forget@@3PEAUbutton@@EA) 已在 * CIL library *(* CIL module *) 中定义；已忽略第二个定义
* CIL library *(* CIL module *) : warning LNK4006: "float Width" (?Width@@3MA) 已在 * CIL library *(* CIL module *) 中定义；已忽略第二个定义
* CIL library *(* CIL module *) : warning LNK4006: "struct button * review" (?review@@3PEAUbutton@@EA) 已在 * CIL library *(* CIL module *) 中定义；已忽略第二个定义
* CIL library *(* CIL module *) : warning LNK4006: "struct button * loadHistory" (?loadHistory@@3PEAUbutton@@EA) 已在 * CIL library *(* CIL module *) 中定义；已忽略第二个定义
* CIL library *(* CIL module *) : warning LNK4006: "struct button * musicOn" (?musicOn@@3PEAUbutton@@EA) 已在 * CIL library *(* CIL module *) 中定义；已忽略第二个定义
* CIL library *(* CIL module *) : warning LNK4006: "struct button * undoMemory" (?undoMemory@@3PEAUbutton@@EA) 已在 * CIL library *(* CIL module *) 中定义；已忽略第二个定义
* CIL library *(* CIL module *) : warning LNK4006: "float uWidth" (?uWidth@@3MA) 已在 * CIL library *(* CIL module *) 中定义；已忽略第二个定义
* CIL library *(* CIL module *) : warning LNK4006: "float uHeight" (?uHeight@@3MA) 已在 * CIL library *(* CIL module *) 中定义；已忽略第二个定义
* CIL library *(* CIL module *) : warning LNK4006: "struct button * load" (?load@@3PEAUbutton@@EA) 已在 * CIL library *(* CIL module *) 中定义；已忽略第二个定义
* CIL library *(* CIL module *) : warning LNK4006: "struct button * save" (?save@@3PEAUbutton@@EA) 已在 * CIL library *(* CIL module *) 中定义；已忽略第二个定义
F:\c++_sourceCode\project\CSVrecite\x64\Release\excel_recite.exe : warning LNK4088: 因 /FORCE 选项生成了映像；映像可能不能运行
  excel_recite.vcxproj -> F:\c++_sourceCode\project\CSVrecite\x64\Release\excel_recite.exe
