  main.cpp
F:\c++_sourceCode\2022年\excel背单词\excel_recite\excel_recite\ui.h(9,13): warning C4244: “初始化”: 从“int”转换到“float”，可能丢失数据
F:\c++_sourceCode\2022年\excel背单词\excel_recite\excel_recite\ui.h(10,14): warning C4244: “初始化”: 从“int”转换到“float”，可能丢失数据
F:\c++_sourceCode\2022年\excel背单词\excel_recite\excel_recite\ui.h(21,80): warning C4244: “参数”: 从“float”转换到“int”，可能丢失数据
F:\c++_sourceCode\2022年\excel背单词\excel_recite\excel_recite\ui.h(21,67): warning C4244: “参数”: 从“float”转换到“int”，可能丢失数据
F:\c++_sourceCode\2022年\excel背单词\excel_recite\excel_recite\ui.h(21,52): warning C4244: “参数”: 从“float”转换到“int”，可能丢失数据
F:\c++_sourceCode\2022年\excel背单词\excel_recite\excel_recite\ui.h(21,39): warning C4244: “参数”: 从“float”转换到“int”，可能丢失数据
F:\c++_sourceCode\2022年\excel背单词\excel_recite\excel_recite\ui.h(22,80): warning C4244: “参数”: 从“float”转换到“int”，可能丢失数据
F:\c++_sourceCode\2022年\excel背单词\excel_recite\excel_recite\ui.h(22,67): warning C4244: “参数”: 从“float”转换到“int”，可能丢失数据
F:\c++_sourceCode\2022年\excel背单词\excel_recite\excel_recite\ui.h(22,52): warning C4244: “参数”: 从“float”转换到“int”，可能丢失数据
F:\c++_sourceCode\2022年\excel背单词\excel_recite\excel_recite\ui.h(22,39): warning C4244: “参数”: 从“float”转换到“int”，可能丢失数据
F:\c++_sourceCode\2022年\excel背单词\excel_recite\excel_recite\ui.h(23,87): warning C4244: “参数”: 从“float”转换到“int”，可能丢失数据
F:\c++_sourceCode\2022年\excel背单词\excel_recite\excel_recite\ui.h(23,74): warning C4244: “参数”: 从“float”转换到“int”，可能丢失数据
F:\c++_sourceCode\2022年\excel背单词\excel_recite\excel_recite\ui.h(23,59): warning C4244: “参数”: 从“float”转换到“int”，可能丢失数据
F:\c++_sourceCode\2022年\excel背单词\excel_recite\excel_recite\ui.h(23,45): warning C4244: “参数”: 从“float”转换到“int”，可能丢失数据
F:\c++_sourceCode\2022年\excel背单词\excel_recite\excel_recite\ui.h(24,84): warning C4244: “参数”: 从“float”转换到“int”，可能丢失数据
F:\c++_sourceCode\2022年\excel背单词\excel_recite\excel_recite\ui.h(24,71): warning C4244: “参数”: 从“float”转换到“int”，可能丢失数据
F:\c++_sourceCode\2022年\excel背单词\excel_recite\excel_recite\ui.h(24,56): warning C4244: “参数”: 从“float”转换到“int”，可能丢失数据
F:\c++_sourceCode\2022年\excel背单词\excel_recite\excel_recite\ui.h(24,42): warning C4244: “参数”: 从“float”转换到“int”，可能丢失数据
F:\c++_sourceCode\2022年\excel背单词\excel_recite\excel_recite\ui.h(25,82): warning C4244: “参数”: 从“float”转换到“int”，可能丢失数据
F:\c++_sourceCode\2022年\excel背单词\excel_recite\excel_recite\ui.h(25,69): warning C4244: “参数”: 从“float”转换到“int”，可能丢失数据
F:\c++_sourceCode\2022年\excel背单词\excel_recite\excel_recite\ui.h(25,54): warning C4244: “参数”: 从“float”转换到“int”，可能丢失数据
F:\c++_sourceCode\2022年\excel背单词\excel_recite\excel_recite\ui.h(25,40): warning C4244: “参数”: 从“float”转换到“int”，可能丢失数据
F:\c++_sourceCode\2022年\excel背单词\excel_recite\excel_recite\ui.h(26,83): warning C4244: “参数”: 从“float”转换到“int”，可能丢失数据
F:\c++_sourceCode\2022年\excel背单词\excel_recite\excel_recite\ui.h(26,70): warning C4244: “参数”: 从“float”转换到“int”，可能丢失数据
F:\c++_sourceCode\2022年\excel背单词\excel_recite\excel_recite\ui.h(26,55): warning C4244: “参数”: 从“float”转换到“int”，可能丢失数据
F:\c++_sourceCode\2022年\excel背单词\excel_recite\excel_recite\ui.h(26,41): warning C4244: “参数”: 从“float”转换到“int”，可能丢失数据
F:\c++_sourceCode\2022年\excel背单词\excel_recite\excel_recite\ui.h(27,90): warning C4244: “参数”: 从“float”转换到“int”，可能丢失数据
F:\c++_sourceCode\2022年\excel背单词\excel_recite\excel_recite\ui.h(27,77): warning C4244: “参数”: 从“float”转换到“int”，可能丢失数据
F:\c++_sourceCode\2022年\excel背单词\excel_recite\excel_recite\ui.h(27,62): warning C4244: “参数”: 从“float”转换到“int”，可能丢失数据
F:\c++_sourceCode\2022年\excel背单词\excel_recite\excel_recite\ui.h(27,48): warning C4244: “参数”: 从“float”转换到“int”，可能丢失数据
F:\c++_sourceCode\2022年\excel背单词\excel_recite\excel_recite\ui.h(28,85): warning C4244: “参数”: 从“float”转换到“int”，可能丢失数据
F:\c++_sourceCode\2022年\excel背单词\excel_recite\excel_recite\ui.h(28,72): warning C4244: “参数”: 从“float”转换到“int”，可能丢失数据
F:\c++_sourceCode\2022年\excel背单词\excel_recite\excel_recite\ui.h(28,57): warning C4244: “参数”: 从“float”转换到“int”，可能丢失数据
F:\c++_sourceCode\2022年\excel背单词\excel_recite\excel_recite\ui.h(28,43): warning C4244: “参数”: 从“float”转换到“int”，可能丢失数据
F:\c++_sourceCode\2022年\excel背单词\excel_recite\excel_recite\ui.h(29,83): warning C4244: “参数”: 从“float”转换到“int”，可能丢失数据
F:\c++_sourceCode\2022年\excel背单词\excel_recite\excel_recite\ui.h(29,70): warning C4244: “参数”: 从“float”转换到“int”，可能丢失数据
F:\c++_sourceCode\2022年\excel背单词\excel_recite\excel_recite\ui.h(29,55): warning C4244: “参数”: 从“float”转换到“int”，可能丢失数据
F:\c++_sourceCode\2022年\excel背单词\excel_recite\excel_recite\ui.h(29,41): warning C4244: “参数”: 从“float”转换到“int”，可能丢失数据
F:\c++_sourceCode\2022年\excel背单词\excel_recite\excel_recite\main.cpp(13,28): warning C4244: “参数”: 从“float”转换到“int”，可能丢失数据
F:\c++_sourceCode\2022年\excel背单词\excel_recite\excel_recite\main.cpp(13,16): warning C4244: “参数”: 从“float”转换到“int”，可能丢失数据
F:\c++_sourceCode\2022年\excel背单词\excel_recite\excel_recite\main.cpp(35,42): warning C4244: “参数”: 从“float”转换到“int”，可能丢失数据
F:\c++_sourceCode\2022年\excel背单词\excel_recite\excel_recite\main.cpp(35,28): warning C4244: “参数”: 从“float”转换到“int”，可能丢失数据
F:\c++_sourceCode\2022年\excel背单词\excel_recite\excel_recite\main.cpp(53,35): warning C4244: “参数”: 从“float”转换到“int”，可能丢失数据
F:\c++_sourceCode\2022年\excel背单词\excel_recite\excel_recite\main.cpp(53,21): warning C4244: “参数”: 从“float”转换到“int”，可能丢失数据
F:\c++_sourceCode\2022年\excel背单词\excel_recite\excel_recite\main.cpp(54,32): warning C4244: “参数”: 从“float”转换到“int”，可能丢失数据
F:\c++_sourceCode\2022年\excel背单词\excel_recite\excel_recite\main.cpp(54,18): warning C4244: “参数”: 从“float”转换到“int”，可能丢失数据
F:\c++_sourceCode\2022年\excel背单词\excel_recite\excel_recite\main.cpp(57,16): warning C4996: 'GetMouseMsg': This function is deprecated. Instead, use this new function: getmessage. See https://docs.easyx.cn/getmessage for details.
F:\c++_sourceCode\2022年\excel背单词\excel_recite\excel_recite\main.cpp(24,9): warning C4101: “str”: 未引用的局部变量
LINK : warning LNK4075: 忽略“/INCREMENTAL”(由于“/FORCE”规范)
ui.obj : warning LNK4006: "float Width" (?Width@@3MA) 已在 main.obj 中定义；已忽略第二个定义
ui.obj : warning LNK4006: "float Height" (?Height@@3MA) 已在 main.obj 中定义；已忽略第二个定义
ui.obj : warning LNK4006: "float uWidth" (?uWidth@@3MA) 已在 main.obj 中定义；已忽略第二个定义
ui.obj : warning LNK4006: "float uHeight" (?uHeight@@3MA) 已在 main.obj 中定义；已忽略第二个定义
ui.obj : warning LNK4006: "struct button * load" (?load@@3PEAUbutton@@EA) 已在 main.obj 中定义；已忽略第二个定义
ui.obj : warning LNK4006: "struct button * save" (?save@@3PEAUbutton@@EA) 已在 main.obj 中定义；已忽略第二个定义
ui.obj : warning LNK4006: "struct button * exportFile" (?exportFile@@3PEAUbutton@@EA) 已在 main.obj 中定义；已忽略第二个定义
ui.obj : warning LNK4006: "struct button * musicOn" (?musicOn@@3PEAUbutton@@EA) 已在 main.obj 中定义；已忽略第二个定义
ui.obj : warning LNK4006: "struct button * start" (?start@@3PEAUbutton@@EA) 已在 main.obj 中定义；已忽略第二个定义
ui.obj : warning LNK4006: "struct button * review" (?review@@3PEAUbutton@@EA) 已在 main.obj 中定义；已忽略第二个定义
ui.obj : warning LNK4006: "struct button * chineseSwitch" (?chineseSwitch@@3PEAUbutton@@EA) 已在 main.obj 中定义；已忽略第二个定义
ui.obj : warning LNK4006: "struct button * remember" (?remember@@3PEAUbutton@@EA) 已在 main.obj 中定义；已忽略第二个定义
ui.obj : warning LNK4006: "struct button * forget" (?forget@@3PEAUbutton@@EA) 已在 main.obj 中定义；已忽略第二个定义
libcpmtd.lib(xlocale.obj) : error LNK2001: 无法解析的外部符号 _calloc_dbg
logic.obj : error LNK2001: 无法解析的外部符号 _calloc_dbg
libcpmtd.lib(_tolower.obj) : error LNK2001: 无法解析的外部符号 _calloc_dbg
libcpmtd.lib(locale.obj) : error LNK2001: 无法解析的外部符号 _calloc_dbg
libcpmtd.lib(wlocale.obj) : error LNK2001: 无法解析的外部符号 _calloc_dbg
libcpmtd.lib(StlCompareStringA.obj) : error LNK2001: 无法解析的外部符号 _free_dbg
libcpmtd.lib(StlLCMapStringA.obj) : error LNK2001: 无法解析的外部符号 _free_dbg
libcpmtd.lib(wlocale.obj) : error LNK2001: 无法解析的外部符号 _free_dbg
libcpmtd.lib(xlocale.obj) : error LNK2001: 无法解析的外部符号 _free_dbg
libcpmtd.lib(xwcsxfrm.obj) : error LNK2001: 无法解析的外部符号 _free_dbg
logic.obj : error LNK2001: 无法解析的外部符号 _free_dbg
libcpmtd.lib(locale0.obj) : error LNK2001: 无法解析的外部符号 _free_dbg
libcpmtd.lib(cout.obj) : error LNK2001: 无法解析的外部符号 _free_dbg
libcpmtd.lib(locale.obj) : error LNK2001: 无法解析的外部符号 _free_dbg
libcpmtd.lib(StlCompareStringA.obj) : error LNK2001: 无法解析的外部符号 _malloc_dbg
libcpmtd.lib(StlLCMapStringA.obj) : error LNK2001: 无法解析的外部符号 _malloc_dbg
libcpmtd.lib(wlocale.obj) : error LNK2001: 无法解析的外部符号 _malloc_dbg
libcpmtd.lib(xlocale.obj) : error LNK2001: 无法解析的外部符号 _malloc_dbg
libcpmtd.lib(xwcsxfrm.obj) : error LNK2001: 无法解析的外部符号 _malloc_dbg
logic.obj : error LNK2001: 无法解析的外部符号 _malloc_dbg
libcpmtd.lib(locale0.obj) : error LNK2001: 无法解析的外部符号 _malloc_dbg
libcpmtd.lib(cout.obj) : error LNK2001: 无法解析的外部符号 _malloc_dbg
libcpmtd.lib(locale.obj) : error LNK2001: 无法解析的外部符号 _malloc_dbg
libcpmtd.lib(locale.obj) : error LNK2001: 无法解析的外部符号 _CrtDbgReport
libcpmtd.lib(wlocale.obj) : error LNK2001: 无法解析的外部符号 _CrtDbgReport
libcpmtd.lib(xlocale.obj) : error LNK2001: 无法解析的外部符号 _CrtDbgReport
logic.obj : error LNK2001: 无法解析的外部符号 _CrtDbgReport
main.obj : error LNK2001: 无法解析的外部符号 _CrtDbgReport
ui.obj : error LNK2001: 无法解析的外部符号 _CrtDbgReport
libcpmtd.lib(cout.obj) : error LNK2001: 无法解析的外部符号 _CrtDbgReport
libcpmtd.lib(_tolower.obj) : error LNK2019: 无法解析的外部符号 _wcsdup_dbg，函数 _Getctype 中引用了该符号
libcpmtd.lib(xstrcoll.obj) : error LNK2001: 无法解析的外部符号 _wcsdup_dbg
libcpmtd.lib(locale.obj) : error LNK2019: 无法解析的外部符号 _realloc_dbg，函数 "private: static void __cdecl std::locale::_Locimp::_Locimp_Addfac(class std::locale::_Locimp *,class std::locale::facet *,unsigned __int64)" (?_Locimp_Addfac@_Locimp@locale@std@@CAXPEAV123@PEAVfacet@23@_K@Z) 中引用了该符号
libcpmtd.lib(StlLCMapStringA.obj) : error LNK2019: 无法解析的外部符号 _CrtDbgReportW，函数 _freea_crt 中引用了该符号
libcpmtd.lib(xmbtowc.obj) : error LNK2001: 无法解析的外部符号 _CrtDbgReportW
libcpmtd.lib(StlCompareStringA.obj) : error LNK2001: 无法解析的外部符号 _CrtDbgReportW
F:\c++_sourceCode\2022年\excel背单词\excel_recite\x64\Debug\excel_recite.exe : fatal error LNK1120: 7 个无法解析的外部命令
